<?xml version="1.0" encoding="UTF-8"?>
<!-- Generated by org.testng.reporters.JUnitReportReporter -->
<testsuite hostname="Bharani" failures="0" tests="1" name="scripts.Testcase1" time="5.134" errors="0" timestamp="2022-12-27T08:48:46 IST" skipped="0">
  <testcase classname="scripts.Testcase1" name="tc1" time="5.134"/>
  <system-out/>
</testsuite> <!-- scripts.Testcase1 -->
